app/build/intermediates/manifest_merge_blame_file/debug/processDebugMainManifest/manifest-merger-blame-debug-report.txt
1<?xml version="1.0" encoding="utf-8"?>
2<manifest xmlns:android="http://schemas.android.com/apk/res/android"
3    package="com.cosmos.app"
4    android:versionCode="1"
5    android:versionName="1.0" >
6
7    <uses-sdk
8        android:minSdkVersion="26"
9        android:targetSdkVersion="35" />
10
11    <uses-permission android:name="android.permission.INTERNET" />
11-->src\main\AndroidManifest.xml:4:5-67
11-->src\main\AndroidManifest.xml:4:22-64
12
13    <!-- Although the *SdkVersion is captured in gradle build files, this is required for non gradle builds -->
14    <!-- <uses-sdk android:minSdkVersion="21"/> -->
15    <uses-permission android:name="android.permission.ACCESS_NETWORK_STATE" />
15-->[com.google.firebase:firebase-vertexai:16.5.0] AndroidManifest.xml:22:5-79
15-->[com.google.firebase:firebase-vertexai:16.5.0] AndroidManifest.xml:22:22-76
16    <uses-permission android:name="android.permission.WAKE_LOCK" />
16-->[com.google.android.gms:play-services-measurement-api:23.2.0] AndroidManifest.xml:24:5-68
16-->[com.google.android.gms:play-services-measurement-api:23.2.0] AndroidManifest.xml:24:22-65
17    <uses-permission android:name="com.google.android.gms.permission.AD_ID" />
17-->[com.google.android.gms:play-services-measurement-api:23.2.0] AndroidManifest.xml:25:5-79
17-->[com.google.android.gms:play-services-measurement-api:23.2.0] AndroidManifest.xml:25:22-76
18    <uses-permission android:name="android.permission.ACCESS_ADSERVICES_ATTRIBUTION" />
18-->[com.google.android.gms:play-services-measurement-api:23.2.0] AndroidManifest.xml:26:5-88
18-->[com.google.android.gms:play-services-measurement-api:23.2.0] AndroidManifest.xml:26:22-85
19    <uses-permission android:name="android.permission.ACCESS_ADSERVICES_AD_ID" />
19-->[com.google.android.gms:play-services-measurement-api:23.2.0] AndroidManifest.xml:27:5-82
19-->[com.google.android.gms:play-services-measurement-api:23.2.0] AndroidManifest.xml:27:22-79
20    <uses-permission android:name="com.google.android.finsky.permission.BIND_GET_INSTALL_REFERRER_SERVICE" />
20-->[com.google.android.gms:play-services-measurement:23.2.0] AndroidManifest.xml:26:5-110
20-->[com.google.android.gms:play-services-measurement:23.2.0] AndroidManifest.xml:26:22-107
21    <uses-permission android:name="com.google.android.providers.gsf.permission.READ_GSERVICES" />
21-->[com.google.android.recaptcha:recaptcha:18.6.1] AndroidManifest.xml:9:5-98
21-->[com.google.android.recaptcha:recaptcha:18.6.1] AndroidManifest.xml:9:22-95
22
23    <permission
23-->[androidx.core:core:1.13.1] AndroidManifest.xml:22:5-24:47
24        android:name="com.cosmos.app.DYNAMIC_RECEIVER_NOT_EXPORTED_PERMISSION"
24-->[androidx.core:core:1.13.1] AndroidManifest.xml:23:9-81
25        android:protectionLevel="signature" />
25-->[androidx.core:core:1.13.1] AndroidManifest.xml:24:9-44
26
27    <uses-permission android:name="com.cosmos.app.DYNAMIC_RECEIVER_NOT_EXPORTED_PERMISSION" />
27-->[androidx.core:core:1.13.1] AndroidManifest.xml:26:5-97
27-->[androidx.core:core:1.13.1] AndroidManifest.xml:26:22-94
28
29    <application
29-->src\main\AndroidManifest.xml:6:5-24:19
30        android:allowBackup="true"
30-->src\main\AndroidManifest.xml:7:9-35
31        android:appComponentFactory="androidx.core.app.CoreComponentFactory"
31-->[androidx.core:core:1.13.1] AndroidManifest.xml:28:18-86
32        android:debuggable="true"
33        android:extractNativeLibs="false"
34        android:icon="@mipmap/ic_launcher"
34-->src\main\AndroidManifest.xml:8:9-43
35        android:label="@string/app_name"
35-->src\main\AndroidManifest.xml:9:9-41
36        android:roundIcon="@mipmap/ic_launcher_round"
36-->src\main\AndroidManifest.xml:10:9-54
37        android:supportsRtl="true"
37-->src\main\AndroidManifest.xml:11:9-35
38        android:theme="@style/Theme.Cosmos" >
38-->src\main\AndroidManifest.xml:12:9-44
39        <activity
39-->src\main\AndroidManifest.xml:14:9-22:20
40            android:name="com.cosmos.app.MainActivity"
40-->src\main\AndroidManifest.xml:15:13-41
41            android:exported="true"
41-->src\main\AndroidManifest.xml:16:13-36
42            android:windowSoftInputMode="adjustResize" >
42-->src\main\AndroidManifest.xml:17:13-55
43            <intent-filter>
43-->src\main\AndroidManifest.xml:18:13-21:29
44                <action android:name="android.intent.action.MAIN" />
44-->src\main\AndroidManifest.xml:19:17-69
44-->src\main\AndroidManifest.xml:19:25-66
45
46                <category android:name="android.intent.category.LAUNCHER" />
46-->src\main\AndroidManifest.xml:20:17-77
46-->src\main\AndroidManifest.xml:20:27-74
47            </intent-filter>
48        </activity>
49
50        <service
50-->[com.google.firebase:firebase-vertexai:16.5.0] AndroidManifest.xml:28:9-34:19
51            android:name="com.google.firebase.components.ComponentDiscoveryService"
51-->[com.google.firebase:firebase-vertexai:16.5.0] AndroidManifest.xml:29:13-84
52            android:directBootAware="true"
52-->[com.google.firebase:firebase-common:22.0.1] AndroidManifest.xml:32:13-43
53            android:exported="false" >
53-->[com.google.firebase:firebase-vertexai:16.5.0] AndroidManifest.xml:30:13-37
54            <meta-data
54-->[com.google.firebase:firebase-vertexai:16.5.0] AndroidManifest.xml:31:13-33:85
55                android:name="com.google.firebase.components:com.google.firebase.vertexai.FirebaseVertexAIRegistrar"
55-->[com.google.firebase:firebase-vertexai:16.5.0] AndroidManifest.xml:32:17-117
56                android:value="com.google.firebase.components.ComponentRegistrar" />
56-->[com.google.firebase:firebase-vertexai:16.5.0] AndroidManifest.xml:33:17-82
57            <meta-data
57-->[com.google.firebase:firebase-auth:24.1.0] AndroidManifest.xml:69:13-71:85
58                android:name="com.google.firebase.components:com.google.firebase.auth.FirebaseAuthRegistrar"
58-->[com.google.firebase:firebase-auth:24.1.0] AndroidManifest.xml:70:17-109
59                android:value="com.google.firebase.components.ComponentRegistrar" />
59-->[com.google.firebase:firebase-auth:24.1.0] AndroidManifest.xml:71:17-82
60            <meta-data
60-->[com.google.firebase:firebase-firestore:26.3.0] AndroidManifest.xml:17:13-19:85
61                android:name="com.google.firebase.components:com.google.firebase.firestore.FirebaseFirestoreKtxRegistrar"
61-->[com.google.firebase:firebase-firestore:26.3.0] AndroidManifest.xml:18:17-122
62                android:value="com.google.firebase.components.ComponentRegistrar" />
62-->[com.google.firebase:firebase-firestore:26.3.0] AndroidManifest.xml:19:17-82
63            <meta-data
63-->[com.google.firebase:firebase-firestore:26.3.0] AndroidManifest.xml:20:13-22:85
64                android:name="com.google.firebase.components:com.google.firebase.firestore.FirestoreRegistrar"
64-->[com.google.firebase:firebase-firestore:26.3.0] AndroidManifest.xml:21:17-111
65                android:value="com.google.firebase.components.ComponentRegistrar" />
65-->[com.google.firebase:firebase-firestore:26.3.0] AndroidManifest.xml:22:17-82
66            <meta-data
66-->[com.google.firebase:firebase-storage:22.0.1] AndroidManifest.xml:30:13-32:85
67                android:name="com.google.firebase.components:com.google.firebase.storage.FirebaseStorageKtxRegistrar"
67-->[com.google.firebase:firebase-storage:22.0.1] AndroidManifest.xml:31:17-118
68                android:value="com.google.firebase.components.ComponentRegistrar" />
68-->[com.google.firebase:firebase-storage:22.0.1] AndroidManifest.xml:32:17-82
69            <meta-data
69-->[com.google.firebase:firebase-storage:22.0.1] AndroidManifest.xml:33:13-35:85
70                android:name="com.google.firebase.components:com.google.firebase.storage.StorageRegistrar"
70-->[com.google.firebase:firebase-storage:22.0.1] AndroidManifest.xml:34:17-107
71                android:value="com.google.firebase.components.ComponentRegistrar" />
71-->[com.google.firebase:firebase-storage:22.0.1] AndroidManifest.xml:35:17-82
72            <meta-data
72-->[com.google.android.gms:play-services-measurement-api:23.2.0] AndroidManifest.xml:33:13-35:85
73                android:name="com.google.firebase.components:com.google.firebase.analytics.connector.internal.AnalyticsConnectorRegistrar"
73-->[com.google.android.gms:play-services-measurement-api:23.2.0] AndroidManifest.xml:34:17-139
74                android:value="com.google.firebase.components.ComponentRegistrar" />
74-->[com.google.android.gms:play-services-measurement-api:23.2.0] AndroidManifest.xml:35:17-82
75            <meta-data
75-->[com.google.firebase:firebase-installations:19.1.0] AndroidManifest.xml:15:13-17:85
76                android:name="com.google.firebase.components:com.google.firebase.installations.FirebaseInstallationsKtxRegistrar"
76-->[com.google.firebase:firebase-installations:19.1.0] AndroidManifest.xml:16:17-130
77                android:value="com.google.firebase.components.ComponentRegistrar" />
77-->[com.google.firebase:firebase-installations:19.1.0] AndroidManifest.xml:17:17-82
78            <meta-data
78-->[com.google.firebase:firebase-installations:19.1.0] AndroidManifest.xml:18:13-20:85
79                android:name="com.google.firebase.components:com.google.firebase.installations.FirebaseInstallationsRegistrar"
79-->[com.google.firebase:firebase-installations:19.1.0] AndroidManifest.xml:19:17-127
80                android:value="com.google.firebase.components.ComponentRegistrar" />
80-->[com.google.firebase:firebase-installations:19.1.0] AndroidManifest.xml:20:17-82
81            <meta-data
81-->[com.google.firebase:firebase-common:22.0.1] AndroidManifest.xml:35:13-37:85
82                android:name="com.google.firebase.components:com.google.firebase.FirebaseCommonKtxRegistrar"
82-->[com.google.firebase:firebase-common:22.0.1] AndroidManifest.xml:36:17-109
83                android:value="com.google.firebase.components.ComponentRegistrar" />
83-->[com.google.firebase:firebase-common:22.0.1] AndroidManifest.xml:37:17-82
84            <meta-data
84-->[com.google.firebase:firebase-appcheck:19.0.2] AndroidManifest.xml:25:13-27:85
85                android:name="com.google.firebase.components:com.google.firebase.appcheck.FirebaseAppCheckKtxRegistrar"
85-->[com.google.firebase:firebase-appcheck:19.0.2] AndroidManifest.xml:26:17-120
86                android:value="com.google.firebase.components.ComponentRegistrar" />
86-->[com.google.firebase:firebase-appcheck:19.0.2] AndroidManifest.xml:27:17-82
87            <meta-data
87-->[com.google.firebase:firebase-appcheck:19.0.2] AndroidManifest.xml:28:13-30:85
88                android:name="com.google.firebase.components:com.google.firebase.appcheck.FirebaseAppCheckRegistrar"
88-->[com.google.firebase:firebase-appcheck:19.0.2] AndroidManifest.xml:29:17-117
89                android:value="com.google.firebase.components.ComponentRegistrar" />
89-->[com.google.firebase:firebase-appcheck:19.0.2] AndroidManifest.xml:30:17-82
90        </service>
91
92        <activity
92-->[com.google.firebase:firebase-auth:24.1.0] AndroidManifest.xml:29:9-46:20
93            android:name="com.google.firebase.auth.internal.GenericIdpActivity"
93-->[com.google.firebase:firebase-auth:24.1.0] AndroidManifest.xml:30:13-80
94            android:excludeFromRecents="true"
94-->[com.google.firebase:firebase-auth:24.1.0] AndroidManifest.xml:31:13-46
95            android:exported="true"
95-->[com.google.firebase:firebase-auth:24.1.0] AndroidManifest.xml:32:13-36
96            android:launchMode="singleTask"
96-->[com.google.firebase:firebase-auth:24.1.0] AndroidManifest.xml:33:13-44
97            android:theme="@android:style/Theme.Translucent.NoTitleBar" >
97-->[com.google.firebase:firebase-auth:24.1.0] AndroidManifest.xml:34:13-72
98            <intent-filter>
98-->[com.google.firebase:firebase-auth:24.1.0] AndroidManifest.xml:35:13-45:29
99                <action android:name="android.intent.action.VIEW" />
99-->[com.google.firebase:firebase-auth:24.1.0] AndroidManifest.xml:36:17-69
99-->[com.google.firebase:firebase-auth:24.1.0] AndroidManifest.xml:36:25-66
100
101                <category android:name="android.intent.category.DEFAULT" />
101-->[com.google.firebase:firebase-auth:24.1.0] AndroidManifest.xml:38:17-76
101-->[com.google.firebase:firebase-auth:24.1.0] AndroidManifest.xml:38:27-73
102                <category android:name="android.intent.category.BROWSABLE" />
102-->[com.google.firebase:firebase-auth:24.1.0] AndroidManifest.xml:39:17-78
102-->[com.google.firebase:firebase-auth:24.1.0] AndroidManifest.xml:39:27-75
103
104                <data
104-->[com.google.firebase:firebase-auth:24.1.0] AndroidManifest.xml:41:17-44:51
105                    android:host="firebase.auth"
105-->[com.google.firebase:firebase-auth:24.1.0] AndroidManifest.xml:42:21-49
106                    android:path="/"
106-->[com.google.firebase:firebase-auth:24.1.0] AndroidManifest.xml:43:21-37
107                    android:scheme="genericidp" />
107-->[com.google.firebase:firebase-auth:24.1.0] AndroidManifest.xml:44:21-48
108            </intent-filter>
109        </activity>
110        <activity
110-->[com.google.firebase:firebase-auth:24.1.0] AndroidManifest.xml:47:9-64:20
111            android:name="com.google.firebase.auth.internal.RecaptchaActivity"
111-->[com.google.firebase:firebase-auth:24.1.0] AndroidManifest.xml:48:13-79
112            android:excludeFromRecents="true"
112-->[com.google.firebase:firebase-auth:24.1.0] AndroidManifest.xml:49:13-46
113            android:exported="true"
113-->[com.google.firebase:firebase-auth:24.1.0] AndroidManifest.xml:50:13-36
114            android:launchMode="singleTask"
114-->[com.google.firebase:firebase-auth:24.1.0] AndroidManifest.xml:51:13-44
115            android:theme="@android:style/Theme.Translucent.NoTitleBar" >
115-->[com.google.firebase:firebase-auth:24.1.0] AndroidManifest.xml:52:13-72
116            <intent-filter>
116-->[com.google.firebase:firebase-auth:24.1.0] AndroidManifest.xml:53:13-63:29
117                <action android:name="android.intent.action.VIEW" />
117-->[com.google.firebase:firebase-auth:24.1.0] AndroidManifest.xml:36:17-69
117-->[com.google.firebase:firebase-auth:24.1.0] AndroidManifest.xml:36:25-66
118
119                <category android:name="android.intent.category.DEFAULT" />
119-->[com.google.firebase:firebase-auth:24.1.0] AndroidManifest.xml:38:17-76
119-->[com.google.firebase:firebase-auth:24.1.0] AndroidManifest.xml:38:27-73
120                <category android:name="android.intent.category.BROWSABLE" />
120-->[com.google.firebase:firebase-auth:24.1.0] AndroidManifest.xml:39:17-78
120-->[com.google.firebase:firebase-auth:24.1.0] AndroidManifest.xml:39:27-75
121
122                <data
122-->[com.google.firebase:firebase-auth:24.1.0] AndroidManifest.xml:41:17-44:51
123                    android:host="firebase.auth"
123-->[com.google.firebase:firebase-auth:24.1.0] AndroidManifest.xml:42:21-49
124                    android:path="/"
124-->[com.google.firebase:firebase-auth:24.1.0] AndroidManifest.xml:43:21-37
125                    android:scheme="recaptcha" />
125-->[com.google.firebase:firebase-auth:24.1.0] AndroidManifest.xml:44:21-48
126            </intent-filter>
127        </activity>
128
129        <provider
129-->[com.google.firebase:firebase-common:22.0.1] AndroidManifest.xml:23:9-28:39
130            android:name="com.google.firebase.provider.FirebaseInitProvider"
130-->[com.google.firebase:firebase-common:22.0.1] AndroidManifest.xml:24:13-77
131            android:authorities="com.cosmos.app.firebaseinitprovider"
131-->[com.google.firebase:firebase-common:22.0.1] AndroidManifest.xml:25:13-72
132            android:directBootAware="true"
132-->[com.google.firebase:firebase-common:22.0.1] AndroidManifest.xml:26:13-43
133            android:exported="false"
133-->[com.google.firebase:firebase-common:22.0.1] AndroidManifest.xml:27:13-37
134            android:initOrder="100" />
134-->[com.google.firebase:firebase-common:22.0.1] AndroidManifest.xml:28:13-36
135
136        <receiver
136-->[com.google.android.gms:play-services-measurement:23.2.0] AndroidManifest.xml:29:9-33:20
137            android:name="com.google.android.gms.measurement.AppMeasurementReceiver"
137-->[com.google.android.gms:play-services-measurement:23.2.0] AndroidManifest.xml:30:13-85
138            android:enabled="true"
138-->[com.google.android.gms:play-services-measurement:23.2.0] AndroidManifest.xml:31:13-35
139            android:exported="false" >
139-->[com.google.android.gms:play-services-measurement:23.2.0] AndroidManifest.xml:32:13-37
140        </receiver>
141
142        <service
142-->[com.google.android.gms:play-services-measurement:23.2.0] AndroidManifest.xml:35:9-38:40
143            android:name="com.google.android.gms.measurement.AppMeasurementService"
143-->[com.google.android.gms:play-services-measurement:23.2.0] AndroidManifest.xml:36:13-84
144            android:enabled="true"
144-->[com.google.android.gms:play-services-measurement:23.2.0] AndroidManifest.xml:37:13-35
145            android:exported="false" />
145-->[com.google.android.gms:play-services-measurement:23.2.0] AndroidManifest.xml:38:13-37
146        <service
146-->[com.google.android.gms:play-services-measurement:23.2.0] AndroidManifest.xml:39:9-43:72
147            android:name="com.google.android.gms.measurement.AppMeasurementJobService"
147-->[com.google.android.gms:play-services-measurement:23.2.0] AndroidManifest.xml:40:13-87
148            android:enabled="true"
148-->[com.google.android.gms:play-services-measurement:23.2.0] AndroidManifest.xml:41:13-35
149            android:exported="false"
149-->[com.google.android.gms:play-services-measurement:23.2.0] AndroidManifest.xml:42:13-37
150            android:permission="android.permission.BIND_JOB_SERVICE" />
150-->[com.google.android.gms:play-services-measurement:23.2.0] AndroidManifest.xml:43:13-69
151        <service
151-->[androidx.credentials:credentials-play-services-auth:1.2.0-rc01] AndroidManifest.xml:24:9-32:19
152            android:name="androidx.credentials.playservices.CredentialProviderMetadataHolder"
152-->[androidx.credentials:credentials-play-services-auth:1.2.0-rc01] AndroidManifest.xml:25:13-94
153            android:enabled="true"
153-->[androidx.credentials:credentials-play-services-auth:1.2.0-rc01] AndroidManifest.xml:26:13-35
154            android:exported="false" >
154-->[androidx.credentials:credentials-play-services-auth:1.2.0-rc01] AndroidManifest.xml:27:13-37
155            <meta-data
155-->[androidx.credentials:credentials-play-services-auth:1.2.0-rc01] AndroidManifest.xml:29:13-31:104
156                android:name="androidx.credentials.CREDENTIAL_PROVIDER_KEY"
156-->[androidx.credentials:credentials-play-services-auth:1.2.0-rc01] AndroidManifest.xml:30:17-76
157                android:value="androidx.credentials.playservices.CredentialProviderPlayServicesImpl" />
157-->[androidx.credentials:credentials-play-services-auth:1.2.0-rc01] AndroidManifest.xml:31:17-101
158        </service>
159
160        <activity
160-->[androidx.credentials:credentials-play-services-auth:1.2.0-rc01] AndroidManifest.xml:34:9-41:20
161            android:name="androidx.credentials.playservices.HiddenActivity"
161-->[androidx.credentials:credentials-play-services-auth:1.2.0-rc01] AndroidManifest.xml:35:13-76
162            android:configChanges="orientation|screenSize|screenLayout|keyboardHidden"
162-->[androidx.credentials:credentials-play-services-auth:1.2.0-rc01] AndroidManifest.xml:36:13-87
163            android:enabled="true"
163-->[androidx.credentials:credentials-play-services-auth:1.2.0-rc01] AndroidManifest.xml:37:13-35
164            android:exported="false"
164-->[androidx.credentials:credentials-play-services-auth:1.2.0-rc01] AndroidManifest.xml:38:13-37
165            android:fitsSystemWindows="true"
165-->[androidx.credentials:credentials-play-services-auth:1.2.0-rc01] AndroidManifest.xml:39:13-45
166            android:theme="@style/Theme.Hidden" >
166-->[androidx.credentials:credentials-play-services-auth:1.2.0-rc01] AndroidManifest.xml:40:13-48
167        </activity>
168        <activity
168-->[com.google.android.gms:play-services-auth:20.7.0] AndroidManifest.xml:23:9-27:75
169            android:name="com.google.android.gms.auth.api.signin.internal.SignInHubActivity"
169-->[com.google.android.gms:play-services-auth:20.7.0] AndroidManifest.xml:24:13-93
170            android:excludeFromRecents="true"
170-->[com.google.android.gms:play-services-auth:20.7.0] AndroidManifest.xml:25:13-46
171            android:exported="false"
171-->[com.google.android.gms:play-services-auth:20.7.0] AndroidManifest.xml:26:13-37
172            android:theme="@android:style/Theme.Translucent.NoTitleBar" />
172-->[com.google.android.gms:play-services-auth:20.7.0] AndroidManifest.xml:27:13-72
173        <!--
174            Service handling Google Sign-In user revocation. For apps that do not integrate with
175            Google Sign-In, this service will never be started.
176        -->
177        <service
177-->[com.google.android.gms:play-services-auth:20.7.0] AndroidManifest.xml:33:9-37:51
178            android:name="com.google.android.gms.auth.api.signin.RevocationBoundService"
178-->[com.google.android.gms:play-services-auth:20.7.0] AndroidManifest.xml:34:13-89
179            android:exported="true"
179-->[com.google.android.gms:play-services-auth:20.7.0] AndroidManifest.xml:35:13-36
180            android:permission="com.google.android.gms.auth.api.signin.permission.REVOCATION_NOTIFICATION"
180-->[com.google.android.gms:play-services-auth:20.7.0] AndroidManifest.xml:36:13-107
181            android:visibleToInstantApps="true" />
181-->[com.google.android.gms:play-services-auth:20.7.0] AndroidManifest.xml:37:13-48
182
183        <activity
183-->[com.google.android.gms:play-services-base:18.9.0] AndroidManifest.xml:20:9-22:45
184            android:name="com.google.android.gms.common.api.GoogleApiActivity"
184-->[com.google.android.gms:play-services-base:18.9.0] AndroidManifest.xml:20:19-85
185            android:exported="false"
185-->[com.google.android.gms:play-services-base:18.9.0] AndroidManifest.xml:22:19-43
186            android:theme="@android:style/Theme.Translucent.NoTitleBar" />
186-->[com.google.android.gms:play-services-base:18.9.0] AndroidManifest.xml:21:19-78
187
188        <provider
188-->[androidx.emoji2:emoji2:1.3.0] AndroidManifest.xml:24:9-32:20
189            android:name="androidx.startup.InitializationProvider"
189-->[androidx.emoji2:emoji2:1.3.0] AndroidManifest.xml:25:13-67
190            android:authorities="com.cosmos.app.androidx-startup"
190-->[androidx.emoji2:emoji2:1.3.0] AndroidManifest.xml:26:13-68
191            android:exported="false" >
191-->[androidx.emoji2:emoji2:1.3.0] AndroidManifest.xml:27:13-37
192            <meta-data
192-->[androidx.emoji2:emoji2:1.3.0] AndroidManifest.xml:29:13-31:52
193                android:name="androidx.emoji2.text.EmojiCompatInitializer"
193-->[androidx.emoji2:emoji2:1.3.0] AndroidManifest.xml:30:17-75
194                android:value="androidx.startup" />
194-->[androidx.emoji2:emoji2:1.3.0] AndroidManifest.xml:31:17-49
195            <meta-data
195-->[androidx.lifecycle:lifecycle-process:2.8.7] AndroidManifest.xml:29:13-31:52
196                android:name="androidx.lifecycle.ProcessLifecycleInitializer"
196-->[androidx.lifecycle:lifecycle-process:2.8.7] AndroidManifest.xml:30:17-78
197                android:value="androidx.startup" />
197-->[androidx.lifecycle:lifecycle-process:2.8.7] AndroidManifest.xml:31:17-49
198            <meta-data
198-->[androidx.profileinstaller:profileinstaller:1.3.1] AndroidManifest.xml:29:13-31:52
199                android:name="androidx.profileinstaller.ProfileInstallerInitializer"
199-->[androidx.profileinstaller:profileinstaller:1.3.1] AndroidManifest.xml:30:17-85
200                android:value="androidx.startup" />
200-->[androidx.profileinstaller:profileinstaller:1.3.1] AndroidManifest.xml:31:17-49
201        </provider>
202
203        <receiver
203-->[androidx.profileinstaller:profileinstaller:1.3.1] AndroidManifest.xml:34:9-52:20
204            android:name="androidx.profileinstaller.ProfileInstallReceiver"
204-->[androidx.profileinstaller:profileinstaller:1.3.1] AndroidManifest.xml:35:13-76
205            android:directBootAware="false"
205-->[androidx.profileinstaller:profileinstaller:1.3.1] AndroidManifest.xml:36:13-44
206            android:enabled="true"
206-->[androidx.profileinstaller:profileinstaller:1.3.1] AndroidManifest.xml:37:13-35
207            android:exported="true"
207-->[androidx.profileinstaller:profileinstaller:1.3.1] AndroidManifest.xml:38:13-36
208            android:permission="android.permission.DUMP" >
208-->[androidx.profileinstaller:profileinstaller:1.3.1] AndroidManifest.xml:39:13-57
209            <intent-filter>
209-->[androidx.profileinstaller:profileinstaller:1.3.1] AndroidManifest.xml:40:13-42:29
210                <action android:name="androidx.profileinstaller.action.INSTALL_PROFILE" />
210-->[androidx.profileinstaller:profileinstaller:1.3.1] AndroidManifest.xml:41:17-91
210-->[androidx.profileinstaller:profileinstaller:1.3.1] AndroidManifest.xml:41:25-88
211            </intent-filter>
212            <intent-filter>
212-->[androidx.profileinstaller:profileinstaller:1.3.1] AndroidManifest.xml:43:13-45:29
213                <action android:name="androidx.profileinstaller.action.SKIP_FILE" />
213-->[androidx.profileinstaller:profileinstaller:1.3.1] AndroidManifest.xml:44:17-85
213-->[androidx.profileinstaller:profileinstaller:1.3.1] AndroidManifest.xml:44:25-82
214            </intent-filter>
215            <intent-filter>
215-->[androidx.profileinstaller:profileinstaller:1.3.1] AndroidManifest.xml:46:13-48:29
216                <action android:name="androidx.profileinstaller.action.SAVE_PROFILE" />
216-->[androidx.profileinstaller:profileinstaller:1.3.1] AndroidManifest.xml:47:17-88
216-->[androidx.profileinstaller:profileinstaller:1.3.1] AndroidManifest.xml:47:25-85
217            </intent-filter>
218            <intent-filter>
218-->[androidx.profileinstaller:profileinstaller:1.3.1] AndroidManifest.xml:49:13-51:29
219                <action android:name="androidx.profileinstaller.action.BENCHMARK_OPERATION" />
219-->[androidx.profileinstaller:profileinstaller:1.3.1] AndroidManifest.xml:50:17-95
219-->[androidx.profileinstaller:profileinstaller:1.3.1] AndroidManifest.xml:50:25-92
220            </intent-filter>
221        </receiver>
222
223        <uses-library
223-->[androidx.privacysandbox.ads:ads-adservices:1.1.0-beta11] AndroidManifest.xml:23:9-25:40
224            android:name="android.ext.adservices"
224-->[androidx.privacysandbox.ads:ads-adservices:1.1.0-beta11] AndroidManifest.xml:24:13-50
225            android:required="false" />
225-->[androidx.privacysandbox.ads:ads-adservices:1.1.0-beta11] AndroidManifest.xml:25:13-37
226
227        <meta-data
227-->[com.google.android.gms:play-services-basement:18.9.0] AndroidManifest.xml:21:9-23:69
228            android:name="com.google.android.gms.version"
228-->[com.google.android.gms:play-services-basement:18.9.0] AndroidManifest.xml:22:13-58
229            android:value="@integer/google_play_services_version" />
229-->[com.google.android.gms:play-services-basement:18.9.0] AndroidManifest.xml:23:13-66
230
231        <activity
231-->[androidx.compose.ui:ui-test-manifest:1.7.5] AndroidManifest.xml:23:9-25:39
232            android:name="androidx.activity.ComponentActivity"
232-->[androidx.compose.ui:ui-test-manifest:1.7.5] AndroidManifest.xml:24:13-63
233            android:exported="true" />
233-->[androidx.compose.ui:ui-test-manifest:1.7.5] AndroidManifest.xml:25:13-36
234        <activity
234-->[androidx.compose.ui:ui-tooling-android:1.7.5] AndroidManifest.xml:23:9-25:39
235            android:name="androidx.compose.ui.tooling.PreviewActivity"
235-->[androidx.compose.ui:ui-tooling-android:1.7.5] AndroidManifest.xml:24:13-71
236            android:exported="true" /> <!-- The activities will be merged into the manifest of the hosting app. -->
236-->[androidx.compose.ui:ui-tooling-android:1.7.5] AndroidManifest.xml:25:13-36
237        <activity
237-->[com.google.android.play:core-common:2.0.3] AndroidManifest.xml:14:9-18:65
238            android:name="com.google.android.play.core.common.PlayCoreDialogWrapperActivity"
238-->[com.google.android.play:core-common:2.0.3] AndroidManifest.xml:15:13-93
239            android:exported="false"
239-->[com.google.android.play:core-common:2.0.3] AndroidManifest.xml:16:13-37
240            android:stateNotNeeded="true"
240-->[com.google.android.play:core-common:2.0.3] AndroidManifest.xml:17:13-42
241            android:theme="@style/Theme.PlayCore.Transparent" />
241-->[com.google.android.play:core-common:2.0.3] AndroidManifest.xml:18:13-62
242    </application>
243
244</manifest>